yarn run v1.22.22
$ jest backend/tests/login.test.ts
FAIL backend/tests/login.test.ts
  â— Test suite failed to run

    [96mbackend/tests/login.test.ts[0m:[93m21[0m:[93m24[0m - [91merror[0m[90m TS1003: [0mIdentifier expected.

    [7m21[0m                 email: 'completely_nonexistent_user_99999@gmail.com',
    [7m  [0m [91m                       ~~~~~~~~~~~~~~~~~~~~~~~~~~~~~~~~~~~~~~~~~~~~~[0m
    [96mbackend/tests/login.test.ts[0m:[93m21[0m:[93m69[0m - [91merror[0m[90m TS1005: [0m':' expected.

    [7m21[0m                 email: 'completely_nonexistent_user_99999@gmail.com',
    [7m  [0m [91m                                                                    ~[0m
    [96mbackend/tests/login.test.ts[0m:[93m22[0m:[93m27[0m - [91merror[0m[90m TS1003: [0mIdentifier expected.

    [7m22[0m                 password: 'AnyPassword123'
    [7m  [0m [91m                          ~~~~~~~~~~~~~~~~[0m
    [96mbackend/tests/login.test.ts[0m:[93m23[0m:[93m9[0m - [91merror[0m[90m TS1005: [0m':' expected.

    [7m23[0m         });
    [7m  [0m [91m        ~[0m
    [96mbackend/tests/login.test.ts[0m:[93m24[0m:[93m9[0m - [91merror[0m[90m TS1005: [0m',' expected.

    [7m24[0m         console.log('Non-existent User Error:', error?.message);
    [7m  [0m [91m        ~~~~~~~[0m
    [96mbackend/tests/login.test.ts[0m:[93m24[0m:[93m16[0m - [91merror[0m[90m TS1005: [0m',' expected.

    [7m24[0m         console.log('Non-existent User Error:', error?.message);
    [7m  [0m [91m               ~[0m
    [96mbackend/tests/login.test.ts[0m:[93m24[0m:[93m64[0m - [91merror[0m[90m TS1005: [0m',' expected.

    [7m24[0m         console.log('Non-existent User Error:', error?.message);
    [7m  [0m [91m                                                               ~[0m
    [96mbackend/tests/login.test.ts[0m:[93m25[0m:[93m26[0m - [91merror[0m[90m TS1005: [0m'{' expected.

    [7m25[0m             expect(error).not.toBeNull();
    [7m  [0m [91m                         ~[0m
    [96mbackend/tests/login.test.ts[0m:[93m25[0m:[93m41[0m - [91merror[0m[90m TS1005: [0m',' expected.

    [7m25[0m             expect(error).not.toBeNull();
    [7m  [0m [91m                                        ~[0m
    [96mbackend/tests/login.test.ts[0m:[93m64[0m:[93m1[0m - [91merror[0m[90m TS1005: [0m'}' expected.

    [7m64[0m 
    [7m  [0m [91m[0m

      [96mbackend/tests/login.test.ts[0m:[93m14[0m:[93m44[0m
        [7m14[0m describe('Admin Login Verification', () => {
        [7m  [0m [96m                                           ~[0m
        The parser expected to find a '}' to match the '{' token here.

---------------------------|---------|----------|---------|---------|-------------------
File                       | % Stmts | % Branch | % Funcs | % Lines | Uncovered Line #s 
---------------------------|---------|----------|---------|---------|-------------------
All files                  |       0 |        0 |       0 |       0 |                   
 backend/services          |       0 |        0 |       0 |       0 |                   
  addressService.ts        |       0 |        0 |       0 |       0 | 2-69              
  authService.ts           |       0 |        0 |       0 |       0 | 4-122             
  branchService.ts         |       0 |        0 |       0 |       0 | 2-74              
  clientService.ts         |       0 |        0 |       0 |       0 | 2-80              
  companyService.ts        |       0 |        0 |       0 |       0 | 2-67              
  dashboardService.ts      |       0 |        0 |       0 |       0 | 4-53              
  entityService.ts         |       0 |        0 |       0 |       0 | 2-69              
  nfeService.ts            |       0 |      100 |       0 |       0 | 2-34              
  notificationService.ts   |       0 |        0 |       0 |       0 | 4-72              
  orcamentoService.ts      |       0 |        0 |       0 |       0 | 2-17              
  ownerService.ts          |       0 |        0 |       0 |       0 | 2-63              
  personService.ts         |       0 |        0 |       0 |       0 | 2-68              
  preAnaliseService.ts     |       0 |        0 |       0 |       0 | 2-28              
  productService.ts        |       0 |        0 |       0 |       0 | 3-20              
  recebimentoService.ts    |       0 |      100 |       0 |       0 | 2-14              
  userManagementService.ts |       0 |        0 |       0 |       0 | 2-145             
 lib                       |       0 |        0 |       0 |       0 |                   
  audit.ts                 |       0 |        0 |       0 |       0 | 2-40              
  image.ts                 |       0 |        0 |       0 |       0 | 9-80              
  permissions.ts           |       0 |        0 |       0 |       0 | 2-25              
  storage.ts               |       0 |        0 |       0 |       0 | 2-43              
  supabase.ts              |       0 |        0 |     100 |       0 | 2-19              
---------------------------|---------|----------|---------|---------|-------------------
Test Suites: 1 failed, 1 total
Tests:       0 total
Snapshots:   0 total
Time:        1.055 s
Ran all test suites matching backend/tests/login.test.ts.
error Command failed with exit code 1.
info Visit https://yarnpkg.com/en/docs/cli/run for documentation about this command.
